# JRE version: OpenJDK Runtime Environment (7.0_65-b32) (build 1.7.0_65-b32)
# Java VM: OpenJDK 64-Bit Server VM (24.65-b04 mixed mode linux-amd64 compressed oops)
Heap
 PSYoungGen      total 35328K, used 9752K [0x00000000d9080000, 0x00000000db780000, 0x0000000100000000)
  eden space 30720K, 17% used [0x00000000d9080000,0x00000000d95d2170,0x00000000dae80000)
  from space 4608K, 93% used [0x00000000db300000,0x00000000db734078,0x00000000db780000)
  to   space 4608K, 0% used [0x00000000dae80000,0x00000000dae80000,0x00000000db300000)
 ParOldGen       total 79360K, used 3332K [0x000000008b200000, 0x000000008ff80000, 0x00000000d9080000)
  object space 79360K, 4% used [0x000000008b200000,0x000000008b541068,0x000000008ff80000)
 PSPermGen       total 21504K, used 11493K [0x0000000080c00000, 0x0000000082100000, 0x000000008b200000)
  object space 21504K, 53% used [0x0000000080c00000,0x00000000817397a8,0x0000000082100000)
GC Heap History (4 events):
Event: 2.986 GC heap before
{Heap before GC invocations=1 (full 0):
 PSYoungGen      total 35328K, used 30720K [0x00000000d9080000, 0x00000000db780000, 0x0000000100000000)
  eden space 30720K, 100% used [0x00000000d9080000,0x00000000dae80000,0x00000000dae80000)
  from space 4608K, 0% used [0x00000000db300000,0x00000000db300000,0x00000000db780000)
  to   space 4608K, 0% used [0x00000000dae80000,0x00000000dae80000,0x00000000db300000)
 ParOldGen       total 79360K, used 0K [0x000000008b200000, 0x000000008ff80000, 0x00000000d9080000)
  object space 79360K, 0% used [0x000000008b200000,0x000000008b200000,0x000000008ff80000)
 PSPermGen       total 21504K, used 11229K [0x0000000080c00000, 0x0000000082100000, 0x000000008b200000)
  object space 21504K, 52% used [0x0000000080c00000,0x00000000816f7510,0x0000000082100000)
Event: 3.003 GC heap after
Heap after GC invocations=1 (full 0):
 PSYoungGen      total 35328K, used 4587K [0x00000000d9080000, 0x00000000db780000, 0x0000000100000000)
  eden space 30720K, 0% used [0x00000000d9080000,0x00000000d9080000,0x00000000dae80000)
  from space 4608K, 99% used [0x00000000dae80000,0x00000000db2faec8,0x00000000db300000)
  to   space 4608K, 0% used [0x00000000db300000,0x00000000db300000,0x00000000db780000)
 ParOldGen       total 79360K, used 3324K [0x000000008b200000, 0x000000008ff80000, 0x00000000d9080000)
  object space 79360K, 4% used [0x000000008b200000,0x000000008b53f068,0x000000008ff80000)
 PSPermGen       total 21504K, used 11229K [0x0000000080c00000, 0x0000000082100000, 0x000000008b200000)
  object space 21504K, 52% used [0x0000000080c00000,0x00000000816f7510,0x0000000082100000)
}
Event: 783.554 GC heap before
{Heap before GC invocations=2 (full 0):
 PSYoungGen      total 35328K, used 35307K [0x00000000d9080000, 0x00000000db780000, 0x0000000100000000)
  eden space 30720K, 100% used [0x00000000d9080000,0x00000000dae80000,0x00000000dae80000)
  from space 4608K, 99% used [0x00000000dae80000,0x00000000db2faec8,0x00000000db300000)
  to   space 4608K, 0% used [0x00000000db300000,0x00000000db300000,0x00000000db780000)
 ParOldGen       total 79360K, used 3324K [0x000000008b200000, 0x000000008ff80000, 0x00000000d9080000)
  object space 79360K, 4% used [0x000000008b200000,0x000000008b53f068,0x000000008ff80000)
 PSPermGen       total 21504K, used 11421K [0x0000000080c00000, 0x0000000082100000, 0x000000008b200000)
  object space 21504K, 53% used [0x0000000080c00000,0x0000000081727788,0x0000000082100000)
Event: 783.563 GC heap after
Heap after GC invocations=2 (full 0):
 PSYoungGen      total 35328K, used 4304K [0x00000000d9080000, 0x00000000db780000, 0x0000000100000000)
  eden space 30720K, 0% used [0x00000000d9080000,0x00000000d9080000,0x00000000dae80000)
  from space 4608K, 93% used [0x00000000db300000,0x00000000db734078,0x00000000db780000)
  to   space 4608K, 0% used [0x00000000dae80000,0x00000000dae80000,0x00000000db300000)
 ParOldGen       total 79360K, used 3332K [0x000000008b200000, 0x000000008ff80000, 0x00000000d9080000)
  object space 79360K, 4% used [0x000000008b200000,0x000000008b541068,0x000000008ff80000)
 PSPermGen       total 21504K, used 11421K [0x0000000080c00000, 0x0000000082100000, 0x000000008b200000)
  object space 21504K, 53% used [0x0000000080c00000,0x0000000081727788,0x0000000082100000)
}

