# JRE version: OpenJDK Runtime Environment (7.0_65-b32) (build 1.7.0_65-b32)
# Java VM: OpenJDK 64-Bit Server VM (24.65-b04 mixed mode linux-amd64 compressed oops)
Heap
 PSYoungGen      total 35328K, used 27120K [0x00000000d9080000, 0x00000000db780000, 0x0000000100000000)
  eden space 30720K, 73% used [0x00000000d9080000,0x00000000da6816e0,0x00000000dae80000)
  from space 4608K, 99% used [0x00000000db300000,0x00000000db77ab78,0x00000000db780000)
  to   space 4608K, 0% used [0x00000000dae80000,0x00000000dae80000,0x00000000db300000)
 ParOldGen       total 79360K, used 3400K [0x000000008b200000, 0x000000008ff80000, 0x00000000d9080000)
  object space 79360K, 4% used [0x000000008b200000,0x000000008b5523b0,0x000000008ff80000)
 PSPermGen       total 21504K, used 11535K [0x0000000080c00000, 0x0000000082100000, 0x000000008b200000)
  object space 21504K, 53% used [0x0000000080c00000,0x0000000081743c40,0x0000000082100000)
GC Heap History (4 events):
Event: 2.201 GC heap before
{Heap before GC invocations=1 (full 0):
 PSYoungGen      total 35328K, used 30720K [0x00000000d9080000, 0x00000000db780000, 0x0000000100000000)
  eden space 30720K, 100% used [0x00000000d9080000,0x00000000dae80000,0x00000000dae80000)
  from space 4608K, 0% used [0x00000000db300000,0x00000000db300000,0x00000000db780000)
  to   space 4608K, 0% used [0x00000000dae80000,0x00000000dae80000,0x00000000db300000)
 ParOldGen       total 79360K, used 0K [0x000000008b200000, 0x000000008ff80000, 0x00000000d9080000)
  object space 79360K, 0% used [0x000000008b200000,0x000000008b200000,0x000000008ff80000)
 PSPermGen       total 21504K, used 11255K [0x0000000080c00000, 0x0000000082100000, 0x000000008b200000)
  object space 21504K, 52% used [0x0000000080c00000,0x00000000816fdc08,0x0000000082100000)
Event: 2.216 GC heap after
Heap after GC invocations=1 (full 0):
 PSYoungGen      total 35328K, used 4584K [0x00000000d9080000, 0x00000000db780000, 0x0000000100000000)
  eden space 30720K, 0% used [0x00000000d9080000,0x00000000d9080000,0x00000000dae80000)
  from space 4608K, 99% used [0x00000000dae80000,0x00000000db2fa3e8,0x00000000db300000)
  to   space 4608K, 0% used [0x00000000db300000,0x00000000db300000,0x00000000db780000)
 ParOldGen       total 79360K, used 3248K [0x000000008b200000, 0x000000008ff80000, 0x00000000d9080000)
  object space 79360K, 4% used [0x000000008b200000,0x000000008b52c3b0,0x000000008ff80000)
 PSPermGen       total 21504K, used 11255K [0x0000000080c00000, 0x0000000082100000, 0x000000008b200000)
  object space 21504K, 52% used [0x0000000080c00000,0x00000000816fdc08,0x0000000082100000)
}
Event: 902.368 GC heap before
{Heap before GC invocations=2 (full 0):
 PSYoungGen      total 35328K, used 35304K [0x00000000d9080000, 0x00000000db780000, 0x0000000100000000)
  eden space 30720K, 100% used [0x00000000d9080000,0x00000000dae80000,0x00000000dae80000)
  from space 4608K, 99% used [0x00000000dae80000,0x00000000db2fa3e8,0x00000000db300000)
  to   space 4608K, 0% used [0x00000000db300000,0x00000000db300000,0x00000000db780000)
 ParOldGen       total 79360K, used 3248K [0x000000008b200000, 0x000000008ff80000, 0x00000000d9080000)
  object space 79360K, 4% used [0x000000008b200000,0x000000008b52c3b0,0x000000008ff80000)
 PSPermGen       total 21504K, used 11438K [0x0000000080c00000, 0x0000000082100000, 0x000000008b200000)
  object space 21504K, 53% used [0x0000000080c00000,0x000000008172bbb0,0x0000000082100000)
Event: 902.378 GC heap after
Heap after GC invocations=2 (full 0):
 PSYoungGen      total 35328K, used 4586K [0x00000000d9080000, 0x00000000db780000, 0x0000000100000000)
  eden space 30720K, 0% used [0x00000000d9080000,0x00000000d9080000,0x00000000dae80000)
  from space 4608K, 99% used [0x00000000db300000,0x00000000db77ab78,0x00000000db780000)
  to   space 4608K, 0% used [0x00000000dae80000,0x00000000dae80000,0x00000000db300000)
 ParOldGen       total 79360K, used 3400K [0x000000008b200000, 0x000000008ff80000, 0x00000000d9080000)
  object space 79360K, 4% used [0x000000008b200000,0x000000008b5523b0,0x000000008ff80000)
 PSPermGen       total 21504K, used 11438K [0x0000000080c00000, 0x0000000082100000, 0x000000008b200000)
  object space 21504K, 53% used [0x0000000080c00000,0x000000008172bbb0,0x0000000082100000)
}

