# JRE version: OpenJDK Runtime Environment (7.0_65-b32) (build 1.7.0_65-b32)
# Java VM: OpenJDK 64-Bit Server VM (24.65-b04 mixed mode linux-amd64 compressed oops)
Heap
 PSYoungGen      total 35328K, used 10930K [0x00000000d9080000, 0x00000000db780000, 0x0000000100000000)
  eden space 30720K, 21% used [0x00000000d9080000,0x00000000d970c640,0x00000000dae80000)
  from space 4608K, 91% used [0x00000000db300000,0x00000000db7205a0,0x00000000db780000)
  to   space 4608K, 0% used [0x00000000dae80000,0x00000000dae80000,0x00000000db300000)
 ParOldGen       total 79360K, used 2328K [0x000000008b200000, 0x000000008ff80000, 0x00000000d9080000)
  object space 79360K, 2% used [0x000000008b200000,0x000000008b4463a8,0x000000008ff80000)
 PSPermGen       total 21504K, used 11605K [0x0000000080c00000, 0x0000000082100000, 0x000000008b200000)
  object space 21504K, 53% used [0x0000000080c00000,0x0000000081755730,0x0000000082100000)
GC Heap History (4 events):
Event: 5.202 GC heap before
{Heap before GC invocations=1 (full 0):
 PSYoungGen      total 35328K, used 30720K [0x00000000d9080000, 0x00000000db780000, 0x0000000100000000)
  eden space 30720K, 100% used [0x00000000d9080000,0x00000000dae80000,0x00000000dae80000)
  from space 4608K, 0% used [0x00000000db300000,0x00000000db300000,0x00000000db780000)
  to   space 4608K, 0% used [0x00000000dae80000,0x00000000dae80000,0x00000000db300000)
 ParOldGen       total 79360K, used 0K [0x000000008b200000, 0x000000008ff80000, 0x00000000d9080000)
  object space 79360K, 0% used [0x000000008b200000,0x000000008b200000,0x000000008ff80000)
 PSPermGen       total 21504K, used 11275K [0x0000000080c00000, 0x0000000082100000, 0x000000008b200000)
  object space 21504K, 52% used [0x0000000080c00000,0x0000000081702d40,0x0000000082100000)
Event: 5.234 GC heap after
Heap after GC invocations=1 (full 0):
 PSYoungGen      total 35328K, used 4603K [0x00000000d9080000, 0x00000000db780000, 0x0000000100000000)
  eden space 30720K, 0% used [0x00000000d9080000,0x00000000d9080000,0x00000000dae80000)
  from space 4608K, 99% used [0x00000000dae80000,0x00000000db2feef8,0x00000000db300000)
  to   space 4608K, 0% used [0x00000000db300000,0x00000000db300000,0x00000000db780000)
 ParOldGen       total 79360K, used 2320K [0x000000008b200000, 0x000000008ff80000, 0x00000000d9080000)
  object space 79360K, 2% used [0x000000008b200000,0x000000008b4443a8,0x000000008ff80000)
 PSPermGen       total 21504K, used 11275K [0x0000000080c00000, 0x0000000082100000, 0x000000008b200000)
  object space 21504K, 52% used [0x0000000080c00000,0x0000000081702d40,0x0000000082100000)
}
Event: 45.879 GC heap before
{Heap before GC invocations=2 (full 0):
 PSYoungGen      total 35328K, used 35323K [0x00000000d9080000, 0x00000000db780000, 0x0000000100000000)
  eden space 30720K, 100% used [0x00000000d9080000,0x00000000dae80000,0x00000000dae80000)
  from space 4608K, 99% used [0x00000000dae80000,0x00000000db2feef8,0x00000000db300000)
  to   space 4608K, 0% used [0x00000000db300000,0x00000000db300000,0x00000000db780000)
 ParOldGen       total 79360K, used 2320K [0x000000008b200000, 0x000000008ff80000, 0x00000000d9080000)
  object space 79360K, 2% used [0x000000008b200000,0x000000008b4443a8,0x000000008ff80000)
 PSPermGen       total 21504K, used 11528K [0x0000000080c00000, 0x0000000082100000, 0x000000008b200000)
  object space 21504K, 53% used [0x0000000080c00000,0x0000000081742378,0x0000000082100000)
Event: 45.902 GC heap after
Heap after GC invocations=2 (full 0):
 PSYoungGen      total 35328K, used 4225K [0x00000000d9080000, 0x00000000db780000, 0x0000000100000000)
  eden space 30720K, 0% used [0x00000000d9080000,0x00000000d9080000,0x00000000dae80000)
  from space 4608K, 91% used [0x00000000db300000,0x00000000db7205a0,0x00000000db780000)
  to   space 4608K, 0% used [0x00000000dae80000,0x00000000dae80000,0x00000000db300000)
 ParOldGen       total 79360K, used 2328K [0x000000008b200000, 0x000000008ff80000, 0x00000000d9080000)
  object space 79360K, 2% used [0x000000008b200000,0x000000008b4463a8,0x000000008ff80000)
 PSPermGen       total 21504K, used 11528K [0x0000000080c00000, 0x0000000082100000, 0x000000008b200000)
  object space 21504K, 53% used [0x0000000080c00000,0x0000000081742378,0x0000000082100000)
}

