# JRE version: OpenJDK Runtime Environment (7.0_65-b32) (build 1.7.0_65-b32)
# Java VM: OpenJDK 64-Bit Server VM (24.65-b04 mixed mode linux-amd64 compressed oops)
Heap
 PSYoungGen      total 35328K, used 25619K [0x00000000d9080000, 0x00000000db780000, 0x0000000100000000)
  eden space 30720K, 70% used [0x00000000d9080000,0x00000000da59c778,0x00000000dae80000)
  from space 4608K, 86% used [0x00000000db300000,0x00000000db6e8560,0x00000000db780000)
  to   space 4608K, 0% used [0x00000000dae80000,0x00000000dae80000,0x00000000db300000)
 ParOldGen       total 79360K, used 1670K [0x000000008b200000, 0x000000008ff80000, 0x00000000d9080000)
  object space 79360K, 2% used [0x000000008b200000,0x000000008b3a19d0,0x000000008ff80000)
 PSPermGen       total 21504K, used 11531K [0x0000000080c00000, 0x0000000082100000, 0x000000008b200000)
  object space 21504K, 53% used [0x0000000080c00000,0x0000000081742cf0,0x0000000082100000)
GC Heap History (4 events):
Event: 3.442 GC heap before
{Heap before GC invocations=1 (full 0):
 PSYoungGen      total 35328K, used 30720K [0x00000000d9080000, 0x00000000db780000, 0x0000000100000000)
  eden space 30720K, 100% used [0x00000000d9080000,0x00000000dae80000,0x00000000dae80000)
  from space 4608K, 0% used [0x00000000db300000,0x00000000db300000,0x00000000db780000)
  to   space 4608K, 0% used [0x00000000dae80000,0x00000000dae80000,0x00000000db300000)
 ParOldGen       total 79360K, used 0K [0x000000008b200000, 0x000000008ff80000, 0x00000000d9080000)
  object space 79360K, 0% used [0x000000008b200000,0x000000008b200000,0x000000008ff80000)
 PSPermGen       total 21504K, used 11327K [0x0000000080c00000, 0x0000000082100000, 0x000000008b200000)
  object space 21504K, 52% used [0x0000000080c00000,0x000000008170fd60,0x0000000082100000)
Event: 3.456 GC heap after
Heap after GC invocations=1 (full 0):
 PSYoungGen      total 35328K, used 4606K [0x00000000d9080000, 0x00000000db780000, 0x0000000100000000)
  eden space 30720K, 0% used [0x00000000d9080000,0x00000000d9080000,0x00000000dae80000)
  from space 4608K, 99% used [0x00000000dae80000,0x00000000db2ff9a8,0x00000000db300000)
  to   space 4608K, 0% used [0x00000000db300000,0x00000000db300000,0x00000000db780000)
 ParOldGen       total 79360K, used 1662K [0x000000008b200000, 0x000000008ff80000, 0x00000000d9080000)
  object space 79360K, 2% used [0x000000008b200000,0x000000008b39f9d0,0x000000008ff80000)
 PSPermGen       total 21504K, used 11327K [0x0000000080c00000, 0x0000000082100000, 0x000000008b200000)
  object space 21504K, 52% used [0x0000000080c00000,0x000000008170fd60,0x0000000082100000)
}
Event: 70.694 GC heap before
{Heap before GC invocations=2 (full 0):
 PSYoungGen      total 35328K, used 35326K [0x00000000d9080000, 0x00000000db780000, 0x0000000100000000)
  eden space 30720K, 100% used [0x00000000d9080000,0x00000000dae80000,0x00000000dae80000)
  from space 4608K, 99% used [0x00000000dae80000,0x00000000db2ff9a8,0x00000000db300000)
  to   space 4608K, 0% used [0x00000000db300000,0x00000000db300000,0x00000000db780000)
 ParOldGen       total 79360K, used 1662K [0x000000008b200000, 0x000000008ff80000, 0x00000000d9080000)
  object space 79360K, 2% used [0x000000008b200000,0x000000008b39f9d0,0x000000008ff80000)
 PSPermGen       total 21504K, used 11443K [0x0000000080c00000, 0x0000000082100000, 0x000000008b200000)
  object space 21504K, 53% used [0x0000000080c00000,0x000000008172ce10,0x0000000082100000)
Event: 70.703 GC heap after
Heap after GC invocations=2 (full 0):
 PSYoungGen      total 35328K, used 4001K [0x00000000d9080000, 0x00000000db780000, 0x0000000100000000)
  eden space 30720K, 0% used [0x00000000d9080000,0x00000000d9080000,0x00000000dae80000)
  from space 4608K, 86% used [0x00000000db300000,0x00000000db6e8560,0x00000000db780000)
  to   space 4608K, 0% used [0x00000000dae80000,0x00000000dae80000,0x00000000db300000)
 ParOldGen       total 79360K, used 1670K [0x000000008b200000, 0x000000008ff80000, 0x00000000d9080000)
  object space 79360K, 2% used [0x000000008b200000,0x000000008b3a19d0,0x000000008ff80000)
 PSPermGen       total 21504K, used 11443K [0x0000000080c00000, 0x0000000082100000, 0x000000008b200000)
  object space 21504K, 53% used [0x0000000080c00000,0x000000008172ce10,0x0000000082100000)
}

