# JRE version: OpenJDK Runtime Environment (7.0_65-b32) (build 1.7.0_65-b32)
# Java VM: OpenJDK 64-Bit Server VM (24.65-b04 mixed mode linux-amd64 compressed oops)
Heap
 PSYoungGen      total 36352K, used 16883K [0x00000000d9080000, 0x00000000dbb80000, 0x0000000100000000)
  eden space 29696K, 38% used [0x00000000d9080000,0x00000000d9b8ff88,0x00000000dad80000)
  from space 6656K, 83% used [0x00000000db500000,0x00000000dba6cd48,0x00000000dbb80000)
  to   space 7168K, 0% used [0x00000000dad80000,0x00000000dad80000,0x00000000db480000)
 ParOldGen       total 79360K, used 2372K [0x000000008b200000, 0x000000008ff80000, 0x00000000d9080000)
  object space 79360K, 2% used [0x000000008b200000,0x000000008b4512e0,0x000000008ff80000)
 PSPermGen       total 21504K, used 11645K [0x0000000080c00000, 0x0000000082100000, 0x000000008b200000)
  object space 21504K, 54% used [0x0000000080c00000,0x000000008175f418,0x0000000082100000)
GC Heap History (10 events):
Event: 50.109 GC heap before
{Heap before GC invocations=2 (full 0):
 PSYoungGen      total 35328K, used 35311K [0x00000000d9080000, 0x00000000db780000, 0x0000000100000000)
  eden space 30720K, 100% used [0x00000000d9080000,0x00000000dae80000,0x00000000dae80000)
  from space 4608K, 99% used [0x00000000dae80000,0x00000000db2fbfc0,0x00000000db300000)
  to   space 4608K, 0% used [0x00000000db300000,0x00000000db300000,0x00000000db780000)
 ParOldGen       total 79360K, used 2204K [0x000000008b200000, 0x000000008ff80000, 0x00000000d9080000)
  object space 79360K, 2% used [0x000000008b200000,0x000000008b4272d0,0x000000008ff80000)
 PSPermGen       total 21504K, used 11501K [0x0000000080c00000, 0x0000000082100000, 0x000000008b200000)
  object space 21504K, 53% used [0x0000000080c00000,0x000000008173b6b8,0x0000000082100000)
Event: 50.120 GC heap after
Heap after GC invocations=2 (full 0):
 PSYoungGen      total 35328K, used 4009K [0x00000000d9080000, 0x00000000db780000, 0x0000000100000000)
  eden space 30720K, 0% used [0x00000000d9080000,0x00000000d9080000,0x00000000dae80000)
  from space 4608K, 87% used [0x00000000db300000,0x00000000db6ea5e0,0x00000000db780000)
  to   space 4608K, 0% used [0x00000000dae80000,0x00000000dae80000,0x00000000db300000)
 ParOldGen       total 79360K, used 2212K [0x000000008b200000, 0x000000008ff80000, 0x00000000d9080000)
  object space 79360K, 2% used [0x000000008b200000,0x000000008b4292d0,0x000000008ff80000)
 PSPermGen       total 21504K, used 11501K [0x0000000080c00000, 0x0000000082100000, 0x000000008b200000)
  object space 21504K, 53% used [0x0000000080c00000,0x000000008173b6b8,0x0000000082100000)
}
Event: 62.318 GC heap before
{Heap before GC invocations=3 (full 0):
 PSYoungGen      total 35328K, used 34729K [0x00000000d9080000, 0x00000000db780000, 0x0000000100000000)
  eden space 30720K, 100% used [0x00000000d9080000,0x00000000dae80000,0x00000000dae80000)
  from space 4608K, 87% used [0x00000000db300000,0x00000000db6ea5e0,0x00000000db780000)
  to   space 4608K, 0% used [0x00000000dae80000,0x00000000dae80000,0x00000000db300000)
 ParOldGen       total 79360K, used 2212K [0x000000008b200000, 0x000000008ff80000, 0x00000000d9080000)
  object space 79360K, 2% used [0x000000008b200000,0x000000008b4292d0,0x000000008ff80000)
 PSPermGen       total 21504K, used 11527K [0x0000000080c00000, 0x0000000082100000, 0x000000008b200000)
  object space 21504K, 53% used [0x0000000080c00000,0x0000000081741ef0,0x0000000082100000)
Event: 62.328 GC heap after
Heap after GC invocations=3 (full 0):
 PSYoungGen      total 35328K, used 3889K [0x00000000d9080000, 0x00000000db780000, 0x0000000100000000)
  eden space 30720K, 0% used [0x00000000d9080000,0x00000000d9080000,0x00000000dae80000)
  from space 4608K, 84% used [0x00000000dae80000,0x00000000db24c5a0,0x00000000db300000)
  to   space 4608K, 0% used [0x00000000db300000,0x00000000db300000,0x00000000db780000)
 ParOldGen       total 79360K, used 2348K [0x000000008b200000, 0x000000008ff80000, 0x00000000d9080000)
  object space 79360K, 2% used [0x000000008b200000,0x000000008b44b2e0,0x000000008ff80000)
 PSPermGen       total 21504K, used 11527K [0x0000000080c00000, 0x0000000082100000, 0x000000008b200000)
  object space 21504K, 53% used [0x0000000080c00000,0x0000000081741ef0,0x0000000082100000)
}
Event: 99.514 GC heap before
{Heap before GC invocations=4 (full 0):
 PSYoungGen      total 35328K, used 34580K [0x00000000d9080000, 0x00000000db780000, 0x0000000100000000)
  eden space 30720K, 99% used [0x00000000d9080000,0x00000000dae78de0,0x00000000dae80000)
  from space 4608K, 84% used [0x00000000dae80000,0x00000000db24c5a0,0x00000000db300000)
  to   space 4608K, 0% used [0x00000000db300000,0x00000000db300000,0x00000000db780000)
 ParOldGen       total 79360K, used 2348K [0x000000008b200000, 0x000000008ff80000, 0x00000000d9080000)
  object space 79360K, 2% used [0x000000008b200000,0x000000008b44b2e0,0x000000008ff80000)
 PSPermGen       total 21504K, used 11538K [0x0000000080c00000, 0x0000000082100000, 0x000000008b200000)
  object space 21504K, 53% used [0x0000000080c00000,0x0000000081744b20,0x0000000082100000)
Event: 99.522 GC heap after
Heap after GC invocations=4 (full 0):
 PSYoungGen      total 35328K, used 4033K [0x00000000d9080000, 0x00000000db780000, 0x0000000100000000)
  eden space 30720K, 0% used [0x00000000d9080000,0x00000000d9080000,0x00000000dae80000)
  from space 4608K, 87% used [0x00000000db300000,0x00000000db6f05b0,0x00000000db780000)
  to   space 4608K, 0% used [0x00000000dae80000,0x00000000dae80000,0x00000000db300000)
 ParOldGen       total 79360K, used 2356K [0x000000008b200000, 0x000000008ff80000, 0x00000000d9080000)
  object space 79360K, 2% used [0x000000008b200000,0x000000008b44d2e0,0x000000008ff80000)
 PSPermGen       total 21504K, used 11538K [0x0000000080c00000, 0x0000000082100000, 0x000000008b200000)
  object space 21504K, 53% used [0x0000000080c00000,0x0000000081744b20,0x0000000082100000)
}
Event: 127.290 GC heap before
{Heap before GC invocations=5 (full 0):
 PSYoungGen      total 35328K, used 34753K [0x00000000d9080000, 0x00000000db780000, 0x0000000100000000)
  eden space 30720K, 100% used [0x00000000d9080000,0x00000000dae80000,0x00000000dae80000)
  from space 4608K, 87% used [0x00000000db300000,0x00000000db6f05b0,0x00000000db780000)
  to   space 4608K, 0% used [0x00000000dae80000,0x00000000dae80000,0x00000000db300000)
 ParOldGen       total 79360K, used 2356K [0x000000008b200000, 0x000000008ff80000, 0x00000000d9080000)
  object space 79360K, 2% used [0x000000008b200000,0x000000008b44d2e0,0x000000008ff80000)
 PSPermGen       total 21504K, used 11569K [0x0000000080c00000, 0x0000000082100000, 0x000000008b200000)
  object space 21504K, 53% used [0x0000000080c00000,0x000000008174c4a0,0x0000000082100000)
Event: 127.299 GC heap after
Heap after GC invocations=5 (full 0):
 PSYoungGen      total 34816K, used 3897K [0x00000000d9080000, 0x00000000dbc00000, 0x0000000100000000)
  eden space 30208K, 0% used [0x00000000d9080000,0x00000000d9080000,0x00000000dae00000)
  from space 4608K, 84% used [0x00000000dae80000,0x00000000db24e5c0,0x00000000db300000)
  to   space 7168K, 0% used [0x00000000db500000,0x00000000db500000,0x00000000dbc00000)
 ParOldGen       total 79360K, used 2364K [0x000000008b200000, 0x000000008ff80000, 0x00000000d9080000)
  object space 79360K, 2% used [0x000000008b200000,0x000000008b44f2e0,0x000000008ff80000)
 PSPermGen       total 21504K, used 11569K [0x0000000080c00000, 0x0000000082100000, 0x000000008b200000)
  object space 21504K, 53% used [0x0000000080c00000,0x000000008174c4a0,0x0000000082100000)
}
Event: 182.103 GC heap before
{Heap before GC invocations=6 (full 0):
 PSYoungGen      total 34816K, used 33979K [0x00000000d9080000, 0x00000000dbc00000, 0x0000000100000000)
  eden space 30208K, 99% used [0x00000000d9080000,0x00000000dade08a8,0x00000000dae00000)
  from space 4608K, 84% used [0x00000000dae80000,0x00000000db24e5c0,0x00000000db300000)
  to   space 7168K, 0% used [0x00000000db500000,0x00000000db500000,0x00000000dbc00000)
 ParOldGen       total 79360K, used 2364K [0x000000008b200000, 0x000000008ff80000, 0x00000000d9080000)
  object space 79360K, 2% used [0x000000008b200000,0x000000008b44f2e0,0x000000008ff80000)
 PSPermGen       total 21504K, used 11577K [0x0000000080c00000, 0x0000000082100000, 0x000000008b200000)
  object space 21504K, 53% used [0x0000000080c00000,0x000000008174e628,0x0000000082100000)
Event: 182.115 GC heap after
Heap after GC invocations=6 (full 0):
 PSYoungGen      total 36352K, used 5555K [0x00000000d9080000, 0x00000000dbb80000, 0x0000000100000000)
  eden space 29696K, 0% used [0x00000000d9080000,0x00000000d9080000,0x00000000dad80000)
  from space 6656K, 83% used [0x00000000db500000,0x00000000dba6cd48,0x00000000dbb80000)
  to   space 7168K, 0% used [0x00000000dad80000,0x00000000dad80000,0x00000000db480000)
 ParOldGen       total 79360K, used 2372K [0x000000008b200000, 0x000000008ff80000, 0x00000000d9080000)
  object space 79360K, 2% used [0x000000008b200000,0x000000008b4512e0,0x000000008ff80000)
 PSPermGen       total 21504K, used 11577K [0x0000000080c00000, 0x0000000082100000, 0x000000008b200000)
  object space 21504K, 53% used [0x0000000080c00000,0x000000008174e628,0x0000000082100000)
}

