# JRE version: OpenJDK Runtime Environment (7.0_65-b32) (build 1.7.0_65-b32)
# Java VM: OpenJDK 64-Bit Server VM (24.65-b04 mixed mode linux-amd64 compressed oops)
Heap
 PSYoungGen      total 35328K, used 19248K [0x00000000d9080000, 0x00000000db780000, 0x0000000100000000)
  eden space 30720K, 51% used [0x00000000d9080000,0x00000000da011b98,0x00000000dae80000)
  from space 4608K, 71% used [0x00000000dae80000,0x00000000db1ba5b0,0x00000000db300000)
  to   space 4608K, 0% used [0x00000000db300000,0x00000000db300000,0x00000000db780000)
 ParOldGen       total 79360K, used 3275K [0x000000008b200000, 0x000000008ff80000, 0x00000000d9080000)
  object space 79360K, 4% used [0x000000008b200000,0x000000008b532f60,0x000000008ff80000)
 PSPermGen       total 21504K, used 11538K [0x0000000080c00000, 0x0000000082100000, 0x000000008b200000)
  object space 21504K, 53% used [0x0000000080c00000,0x0000000081744988,0x0000000082100000)
GC Heap History (6 events):
Event: 2.881 GC heap before
{Heap before GC invocations=1 (full 0):
 PSYoungGen      total 35328K, used 30720K [0x00000000d9080000, 0x00000000db780000, 0x0000000100000000)
  eden space 30720K, 100% used [0x00000000d9080000,0x00000000dae80000,0x00000000dae80000)
  from space 4608K, 0% used [0x00000000db300000,0x00000000db300000,0x00000000db780000)
  to   space 4608K, 0% used [0x00000000dae80000,0x00000000dae80000,0x00000000db300000)
 ParOldGen       total 79360K, used 0K [0x000000008b200000, 0x000000008ff80000, 0x00000000d9080000)
  object space 79360K, 0% used [0x000000008b200000,0x000000008b200000,0x000000008ff80000)
 PSPermGen       total 21504K, used 11252K [0x0000000080c00000, 0x0000000082100000, 0x000000008b200000)
  object space 21504K, 52% used [0x0000000080c00000,0x00000000816fd2d0,0x0000000082100000)
Event: 2.906 GC heap after
Heap after GC invocations=1 (full 0):
 PSYoungGen      total 35328K, used 4603K [0x00000000d9080000, 0x00000000db780000, 0x0000000100000000)
  eden space 30720K, 0% used [0x00000000d9080000,0x00000000d9080000,0x00000000dae80000)
  from space 4608K, 99% used [0x00000000dae80000,0x00000000db2feeb8,0x00000000db300000)
  to   space 4608K, 0% used [0x00000000db300000,0x00000000db300000,0x00000000db780000)
 ParOldGen       total 79360K, used 3259K [0x000000008b200000, 0x000000008ff80000, 0x00000000d9080000)
  object space 79360K, 4% used [0x000000008b200000,0x000000008b52ef60,0x000000008ff80000)
 PSPermGen       total 21504K, used 11252K [0x0000000080c00000, 0x0000000082100000, 0x000000008b200000)
  object space 21504K, 52% used [0x0000000080c00000,0x00000000816fd2d0,0x0000000082100000)
}
Event: 67.040 GC heap before
{Heap before GC invocations=2 (full 0):
 PSYoungGen      total 35328K, used 35323K [0x00000000d9080000, 0x00000000db780000, 0x0000000100000000)
  eden space 30720K, 100% used [0x00000000d9080000,0x00000000dae80000,0x00000000dae80000)
  from space 4608K, 99% used [0x00000000dae80000,0x00000000db2feeb8,0x00000000db300000)
  to   space 4608K, 0% used [0x00000000db300000,0x00000000db300000,0x00000000db780000)
 ParOldGen       total 79360K, used 3259K [0x000000008b200000, 0x000000008ff80000, 0x00000000d9080000)
  object space 79360K, 4% used [0x000000008b200000,0x000000008b52ef60,0x000000008ff80000)
 PSPermGen       total 21504K, used 11449K [0x0000000080c00000, 0x0000000082100000, 0x000000008b200000)
  object space 21504K, 53% used [0x0000000080c00000,0x000000008172e4f0,0x0000000082100000)
Event: 67.064 GC heap after
Heap after GC invocations=2 (full 0):
 PSYoungGen      total 35328K, used 3385K [0x00000000d9080000, 0x00000000db780000, 0x0000000100000000)
  eden space 30720K, 0% used [0x00000000d9080000,0x00000000d9080000,0x00000000dae80000)
  from space 4608K, 73% used [0x00000000db300000,0x00000000db64e5e0,0x00000000db780000)
  to   space 4608K, 0% used [0x00000000dae80000,0x00000000dae80000,0x00000000db300000)
 ParOldGen       total 79360K, used 3267K [0x000000008b200000, 0x000000008ff80000, 0x00000000d9080000)
  object space 79360K, 4% used [0x000000008b200000,0x000000008b530f60,0x000000008ff80000)
 PSPermGen       total 21504K, used 11449K [0x0000000080c00000, 0x0000000082100000, 0x000000008b200000)
  object space 21504K, 53% used [0x0000000080c00000,0x000000008172e4f0,0x0000000082100000)
}
Event: 76.519 GC heap before
{Heap before GC invocations=3 (full 0):
 PSYoungGen      total 35328K, used 34105K [0x00000000d9080000, 0x00000000db780000, 0x0000000100000000)
  eden space 30720K, 100% used [0x00000000d9080000,0x00000000dae80000,0x00000000dae80000)
  from space 4608K, 73% used [0x00000000db300000,0x00000000db64e5e0,0x00000000db780000)
  to   space 4608K, 0% used [0x00000000dae80000,0x00000000dae80000,0x00000000db300000)
 ParOldGen       total 79360K, used 3267K [0x000000008b200000, 0x000000008ff80000, 0x00000000d9080000)
  object space 79360K, 4% used [0x000000008b200000,0x000000008b530f60,0x000000008ff80000)
 PSPermGen       total 21504K, used 11465K [0x0000000080c00000, 0x0000000082100000, 0x000000008b200000)
  object space 21504K, 53% used [0x0000000080c00000,0x0000000081732448,0x0000000082100000)
Event: 76.529 GC heap after
Heap after GC invocations=3 (full 0):
 PSYoungGen      total 35328K, used 3305K [0x00000000d9080000, 0x00000000db780000, 0x0000000100000000)
  eden space 30720K, 0% used [0x00000000d9080000,0x00000000d9080000,0x00000000dae80000)
  from space 4608K, 71% used [0x00000000dae80000,0x00000000db1ba5b0,0x00000000db300000)
  to   space 4608K, 0% used [0x00000000db300000,0x00000000db300000,0x00000000db780000)
 ParOldGen       total 79360K, used 3275K [0x000000008b200000, 0x000000008ff80000, 0x00000000d9080000)
  object space 79360K, 4% used [0x000000008b200000,0x000000008b532f60,0x000000008ff80000)
 PSPermGen       total 21504K, used 11465K [0x0000000080c00000, 0x0000000082100000, 0x000000008b200000)
  object space 21504K, 53% used [0x0000000080c00000,0x0000000081732448,0x0000000082100000)
}

