# JRE version: OpenJDK Runtime Environment (7.0_65-b32) (build 1.7.0_65-b32)
# Java VM: OpenJDK 64-Bit Server VM (24.65-b04 mixed mode linux-amd64 compressed oops)
Heap
 PSYoungGen      total 36864K, used 27198K [0x00000000d9080000, 0x00000000dbd00000, 0x0000000100000000)
  eden space 29184K, 88% used [0x00000000d9080000,0x00000000da9a5440,0x00000000dad00000)
  from space 7680K, 18% used [0x00000000dad80000,0x00000000daeea4d0,0x00000000db500000)
  to   space 8192K, 0% used [0x00000000db500000,0x00000000db500000,0x00000000dbd00000)
 ParOldGen       total 79360K, used 8318K [0x000000008b200000, 0x000000008ff80000, 0x00000000d9080000)
  object space 79360K, 10% used [0x000000008b200000,0x000000008ba1fa10,0x000000008ff80000)
 PSPermGen       total 21504K, used 11575K [0x0000000080c00000, 0x0000000082100000, 0x000000008b200000)
  object space 21504K, 53% used [0x0000000080c00000,0x000000008174dc28,0x0000000082100000)
GC Heap History (10 events):
Event: 64.714 GC heap before
{Heap before GC invocations=3 (full 0):
 PSYoungGen      total 35328K, used 35117K [0x00000000d9080000, 0x00000000db780000, 0x0000000100000000)
  eden space 30720K, 99% used [0x00000000d9080000,0x00000000dae50c10,0x00000000dae80000)
  from space 4608K, 99% used [0x00000000db300000,0x00000000db77a9b8,0x00000000db780000)
  to   space 4608K, 0% used [0x00000000dae80000,0x00000000dae80000,0x00000000db300000)
 ParOldGen       total 79360K, used 3477K [0x000000008b200000, 0x000000008ff80000, 0x00000000d9080000)
  object space 79360K, 4% used [0x000000008b200000,0x000000008b5654b0,0x000000008ff80000)
 PSPermGen       total 21504K, used 11452K [0x0000000080c00000, 0x0000000082100000, 0x000000008b200000)
  object space 21504K, 53% used [0x0000000080c00000,0x000000008172f0d8,0x0000000082100000)
Event: 64.721 GC heap after
Heap after GC invocations=3 (full 0):
 PSYoungGen      total 35328K, used 4522K [0x00000000d9080000, 0x00000000db780000, 0x0000000100000000)
  eden space 30720K, 0% used [0x00000000d9080000,0x00000000d9080000,0x00000000dae80000)
  from space 4608K, 98% used [0x00000000dae80000,0x00000000db2ea9c0,0x00000000db300000)
  to   space 4608K, 0% used [0x00000000db300000,0x00000000db300000,0x00000000db780000)
 ParOldGen       total 79360K, used 3477K [0x000000008b200000, 0x000000008ff80000, 0x00000000d9080000)
  object space 79360K, 4% used [0x000000008b200000,0x000000008b5654b0,0x000000008ff80000)
 PSPermGen       total 21504K, used 11452K [0x0000000080c00000, 0x0000000082100000, 0x000000008b200000)
  object space 21504K, 53% used [0x0000000080c00000,0x000000008172f0d8,0x0000000082100000)
}
Event: 65.905 GC heap before
{Heap before GC invocations=4 (full 0):
 PSYoungGen      total 35328K, used 35242K [0x00000000d9080000, 0x00000000db780000, 0x0000000100000000)
  eden space 30720K, 100% used [0x00000000d9080000,0x00000000dae80000,0x00000000dae80000)
  from space 4608K, 98% used [0x00000000dae80000,0x00000000db2ea9c0,0x00000000db300000)
  to   space 4608K, 0% used [0x00000000db300000,0x00000000db300000,0x00000000db780000)
 ParOldGen       total 79360K, used 3477K [0x000000008b200000, 0x000000008ff80000, 0x00000000d9080000)
  object space 79360K, 4% used [0x000000008b200000,0x000000008b5654b0,0x000000008ff80000)
 PSPermGen       total 21504K, used 11453K [0x0000000080c00000, 0x0000000082100000, 0x000000008b200000)
  object space 21504K, 53% used [0x0000000080c00000,0x000000008172f590,0x0000000082100000)
Event: 65.914 GC heap after
Heap after GC invocations=4 (full 0):
 PSYoungGen      total 35328K, used 4593K [0x00000000d9080000, 0x00000000db780000, 0x0000000100000000)
  eden space 30720K, 0% used [0x00000000d9080000,0x00000000d9080000,0x00000000dae80000)
  from space 4608K, 99% used [0x00000000db300000,0x00000000db77c578,0x00000000db780000)
  to   space 4608K, 0% used [0x00000000dae80000,0x00000000dae80000,0x00000000db300000)
 ParOldGen       total 79360K, used 4213K [0x000000008b200000, 0x000000008ff80000, 0x00000000d9080000)
  object space 79360K, 5% used [0x000000008b200000,0x000000008b61d4b0,0x000000008ff80000)
 PSPermGen       total 21504K, used 11453K [0x0000000080c00000, 0x0000000082100000, 0x000000008b200000)
  object space 21504K, 53% used [0x0000000080c00000,0x000000008172f590,0x0000000082100000)
}
Event: 81.613 GC heap before
{Heap before GC invocations=5 (full 0):
 PSYoungGen      total 35328K, used 35313K [0x00000000d9080000, 0x00000000db780000, 0x0000000100000000)
  eden space 30720K, 100% used [0x00000000d9080000,0x00000000dae80000,0x00000000dae80000)
  from space 4608K, 99% used [0x00000000db300000,0x00000000db77c578,0x00000000db780000)
  to   space 4608K, 0% used [0x00000000dae80000,0x00000000dae80000,0x00000000db300000)
 ParOldGen       total 79360K, used 4213K [0x000000008b200000, 0x000000008ff80000, 0x00000000d9080000)
  object space 79360K, 5% used [0x000000008b200000,0x000000008b61d4b0,0x000000008ff80000)
 PSPermGen       total 21504K, used 11471K [0x0000000080c00000, 0x0000000082100000, 0x000000008b200000)
  object space 21504K, 53% used [0x0000000080c00000,0x0000000081733fc8,0x0000000082100000)
Event: 81.620 GC heap after
Heap after GC invocations=5 (full 0):
 PSYoungGen      total 34816K, used 4573K [0x00000000d9080000, 0x00000000dbd00000, 0x0000000100000000)
  eden space 30208K, 0% used [0x00000000d9080000,0x00000000d9080000,0x00000000dae00000)
  from space 4608K, 99% used [0x00000000dae80000,0x00000000db2f7460,0x00000000db300000)
  to   space 7680K, 0% used [0x00000000db580000,0x00000000db580000,0x00000000dbd00000)
 ParOldGen       total 79360K, used 4213K [0x000000008b200000, 0x000000008ff80000, 0x00000000d9080000)
  object space 79360K, 5% used [0x000000008b200000,0x000000008b61d4b0,0x000000008ff80000)
 PSPermGen       total 21504K, used 11471K [0x0000000080c00000, 0x0000000082100000, 0x000000008b200000)
  object space 21504K, 53% used [0x0000000080c00000,0x0000000081733fc8,0x0000000082100000)
}
Event: 98.897 GC heap before
{Heap before GC invocations=6 (full 0):
 PSYoungGen      total 34816K, used 34781K [0x00000000d9080000, 0x00000000dbd00000, 0x0000000100000000)
  eden space 30208K, 100% used [0x00000000d9080000,0x00000000dae00000,0x00000000dae00000)
  from space 4608K, 99% used [0x00000000dae80000,0x00000000db2f7460,0x00000000db300000)
  to   space 7680K, 0% used [0x00000000db580000,0x00000000db580000,0x00000000dbd00000)
 ParOldGen       total 79360K, used 4213K [0x000000008b200000, 0x000000008ff80000, 0x00000000d9080000)
  object space 79360K, 5% used [0x000000008b200000,0x000000008b61d4b0,0x000000008ff80000)
 PSPermGen       total 21504K, used 11483K [0x0000000080c00000, 0x0000000082100000, 0x000000008b200000)
  object space 21504K, 53% used [0x0000000080c00000,0x0000000081736e20,0x0000000082100000)
Event: 98.908 GC heap after
Heap after GC invocations=6 (full 0):
 PSYoungGen      total 36864K, used 4456K [0x00000000d9080000, 0x00000000dbc80000, 0x0000000100000000)
  eden space 29696K, 0% used [0x00000000d9080000,0x00000000d9080000,0x00000000dad80000)
  from space 7168K, 62% used [0x00000000db580000,0x00000000db9da0e8,0x00000000dbc80000)
  to   space 7680K, 0% used [0x00000000dad80000,0x00000000dad80000,0x00000000db500000)
 ParOldGen       total 79360K, used 4221K [0x000000008b200000, 0x000000008ff80000, 0x00000000d9080000)
  object space 79360K, 5% used [0x000000008b200000,0x000000008b61f4b0,0x000000008ff80000)
 PSPermGen       total 21504K, used 11483K [0x0000000080c00000, 0x0000000082100000, 0x000000008b200000)
  object space 21504K, 53% used [0x0000000080c00000,0x0000000081736e20,0x0000000082100000)
}
Event: 183.330 GC heap before
{Heap before GC invocations=7 (full 0):
 PSYoungGen      total 36864K, used 34152K [0x00000000d9080000, 0x00000000dbc80000, 0x0000000100000000)
  eden space 29696K, 100% used [0x00000000d9080000,0x00000000dad80000,0x00000000dad80000)
  from space 7168K, 62% used [0x00000000db580000,0x00000000db9da0e8,0x00000000dbc80000)
  to   space 7680K, 0% used [0x00000000dad80000,0x00000000dad80000,0x00000000db500000)
 ParOldGen       total 79360K, used 4221K [0x000000008b200000, 0x000000008ff80000, 0x00000000d9080000)
  object space 79360K, 5% used [0x000000008b200000,0x000000008b61f4b0,0x000000008ff80000)
 PSPermGen       total 21504K, used 11499K [0x0000000080c00000, 0x0000000082100000, 0x000000008b200000)
  object space 21504K, 53% used [0x0000000080c00000,0x000000008173aea8,0x0000000082100000)
Event: 183.339 GC heap after
Heap after GC invocations=7 (full 0):
 PSYoungGen      total 36864K, used 1449K [0x00000000d9080000, 0x00000000dbd00000, 0x0000000100000000)
  eden space 29184K, 0% used [0x00000000d9080000,0x00000000d9080000,0x00000000dad00000)
  from space 7680K, 18% used [0x00000000dad80000,0x00000000daeea4d0,0x00000000db500000)
  to   space 8192K, 0% used [0x00000000db500000,0x00000000db500000,0x00000000dbd00000)
 ParOldGen       total 79360K, used 8318K [0x000000008b200000, 0x000000008ff80000, 0x00000000d9080000)
  object space 79360K, 10% used [0x000000008b200000,0x000000008ba1fa10,0x000000008ff80000)
 PSPermGen       total 21504K, used 11499K [0x0000000080c00000, 0x0000000082100000, 0x000000008b200000)
  object space 21504K, 53% used [0x0000000080c00000,0x000000008173aea8,0x0000000082100000)
}

