# JRE version: OpenJDK Runtime Environment (7.0_65-b32) (build 1.7.0_65-b32)
# Java VM: OpenJDK 64-Bit Server VM (24.65-b04 mixed mode linux-amd64 compressed oops)
Heap
 PSYoungGen      total 36352K, used 20440K [0x00000000d9080000, 0x00000000dbc00000, 0x0000000100000000)
  eden space 29184K, 65% used [0x00000000d9080000,0x00000000da325858,0x00000000dad00000)
  from space 7168K, 18% used [0x00000000dad80000,0x00000000daed0b38,0x00000000db480000)
  to   space 7680K, 0% used [0x00000000db480000,0x00000000db480000,0x00000000dbc00000)
 ParOldGen       total 79360K, used 6535K [0x000000008b200000, 0x000000008ff80000, 0x00000000d9080000)
  object space 79360K, 8% used [0x000000008b200000,0x000000008b861f18,0x000000008ff80000)
 PSPermGen       total 21504K, used 11670K [0x0000000080c00000, 0x0000000082100000, 0x000000008b200000)
  object space 21504K, 54% used [0x0000000080c00000,0x0000000081765a10,0x0000000082100000)
GC Heap History (10 events):
Event: 44.803 GC heap before
{Heap before GC invocations=3 (full 0):
 PSYoungGen      total 35328K, used 35325K [0x00000000d9080000, 0x00000000db780000, 0x0000000100000000)
  eden space 30720K, 100% used [0x00000000d9080000,0x00000000dae80000,0x00000000dae80000)
  from space 4608K, 99% used [0x00000000db300000,0x00000000db77f588,0x00000000db780000)
  to   space 4608K, 0% used [0x00000000dae80000,0x00000000dae80000,0x00000000db300000)
 ParOldGen       total 79360K, used 2943K [0x000000008b200000, 0x000000008ff80000, 0x00000000d9080000)
  object space 79360K, 3% used [0x000000008b200000,0x000000008b4dfc68,0x000000008ff80000)
 PSPermGen       total 21504K, used 11483K [0x0000000080c00000, 0x0000000082100000, 0x000000008b200000)
  object space 21504K, 53% used [0x0000000080c00000,0x0000000081736ef8,0x0000000082100000)
Event: 44.810 GC heap after
Heap after GC invocations=3 (full 0):
 PSYoungGen      total 35328K, used 3729K [0x00000000d9080000, 0x00000000db780000, 0x0000000100000000)
  eden space 30720K, 0% used [0x00000000d9080000,0x00000000d9080000,0x00000000dae80000)
  from space 4608K, 80% used [0x00000000dae80000,0x00000000db224580,0x00000000db300000)
  to   space 4608K, 0% used [0x00000000db300000,0x00000000db300000,0x00000000db780000)
 ParOldGen       total 79360K, used 3079K [0x000000008b200000, 0x000000008ff80000, 0x00000000d9080000)
  object space 79360K, 3% used [0x000000008b200000,0x000000008b501c78,0x000000008ff80000)
 PSPermGen       total 21504K, used 11483K [0x0000000080c00000, 0x0000000082100000, 0x000000008b200000)
  object space 21504K, 53% used [0x0000000080c00000,0x0000000081736ef8,0x0000000082100000)
}
Event: 56.472 GC heap before
{Heap before GC invocations=4 (full 0):
 PSYoungGen      total 35328K, used 34449K [0x00000000d9080000, 0x00000000db780000, 0x0000000100000000)
  eden space 30720K, 100% used [0x00000000d9080000,0x00000000dae80000,0x00000000dae80000)
  from space 4608K, 80% used [0x00000000dae80000,0x00000000db224580,0x00000000db300000)
  to   space 4608K, 0% used [0x00000000db300000,0x00000000db300000,0x00000000db780000)
 ParOldGen       total 79360K, used 3079K [0x000000008b200000, 0x000000008ff80000, 0x00000000d9080000)
  object space 79360K, 3% used [0x000000008b200000,0x000000008b501c78,0x000000008ff80000)
 PSPermGen       total 21504K, used 11505K [0x0000000080c00000, 0x0000000082100000, 0x000000008b200000)
  object space 21504K, 53% used [0x0000000080c00000,0x000000008173c568,0x0000000082100000)
Event: 56.484 GC heap after
Heap after GC invocations=4 (full 0):
 PSYoungGen      total 35328K, used 3681K [0x00000000d9080000, 0x00000000db780000, 0x0000000100000000)
  eden space 30720K, 0% used [0x00000000d9080000,0x00000000d9080000,0x00000000dae80000)
  from space 4608K, 79% used [0x00000000db300000,0x00000000db698570,0x00000000db780000)
  to   space 4608K, 0% used [0x00000000dae80000,0x00000000dae80000,0x00000000db300000)
 ParOldGen       total 79360K, used 3087K [0x000000008b200000, 0x000000008ff80000, 0x00000000d9080000)
  object space 79360K, 3% used [0x000000008b200000,0x000000008b503c78,0x000000008ff80000)
 PSPermGen       total 21504K, used 11505K [0x0000000080c00000, 0x0000000082100000, 0x000000008b200000)
  object space 21504K, 53% used [0x0000000080c00000,0x000000008173c568,0x0000000082100000)
}
Event: 77.152 GC heap before
{Heap before GC invocations=5 (full 0):
 PSYoungGen      total 35328K, used 34401K [0x00000000d9080000, 0x00000000db780000, 0x0000000100000000)
  eden space 30720K, 100% used [0x00000000d9080000,0x00000000dae80000,0x00000000dae80000)
  from space 4608K, 79% used [0x00000000db300000,0x00000000db698570,0x00000000db780000)
  to   space 4608K, 0% used [0x00000000dae80000,0x00000000dae80000,0x00000000db300000)
 ParOldGen       total 79360K, used 3087K [0x000000008b200000, 0x000000008ff80000, 0x00000000d9080000)
  object space 79360K, 3% used [0x000000008b200000,0x000000008b503c78,0x000000008ff80000)
 PSPermGen       total 21504K, used 11520K [0x0000000080c00000, 0x0000000082100000, 0x000000008b200000)
  object space 21504K, 53% used [0x0000000080c00000,0x0000000081740238,0x0000000082100000)
Event: 77.162 GC heap after
Heap after GC invocations=5 (full 0):
 PSYoungGen      total 34816K, used 3737K [0x00000000d9080000, 0x00000000dbd00000, 0x0000000100000000)
  eden space 30208K, 0% used [0x00000000d9080000,0x00000000d9080000,0x00000000dae00000)
  from space 4608K, 81% used [0x00000000dae80000,0x00000000db2265c0,0x00000000db300000)
  to   space 7680K, 0% used [0x00000000db580000,0x00000000db580000,0x00000000dbd00000)
 ParOldGen       total 79360K, used 3095K [0x000000008b200000, 0x000000008ff80000, 0x00000000d9080000)
  object space 79360K, 3% used [0x000000008b200000,0x000000008b505c78,0x000000008ff80000)
 PSPermGen       total 21504K, used 11520K [0x0000000080c00000, 0x0000000082100000, 0x000000008b200000)
  object space 21504K, 53% used [0x0000000080c00000,0x0000000081740238,0x0000000082100000)
}
Event: 104.255 GC heap before
{Heap before GC invocations=6 (full 0):
 PSYoungGen      total 34816K, used 33825K [0x00000000d9080000, 0x00000000dbd00000, 0x0000000100000000)
  eden space 30208K, 99% used [0x00000000d9080000,0x00000000dade21d0,0x00000000dae00000)
  from space 4608K, 81% used [0x00000000dae80000,0x00000000db2265c0,0x00000000db300000)
  to   space 7680K, 0% used [0x00000000db580000,0x00000000db580000,0x00000000dbd00000)
 ParOldGen       total 79360K, used 3095K [0x000000008b200000, 0x000000008ff80000, 0x00000000d9080000)
  object space 79360K, 3% used [0x000000008b200000,0x000000008b505c78,0x000000008ff80000)
 PSPermGen       total 21504K, used 11558K [0x0000000080c00000, 0x0000000082100000, 0x000000008b200000)
  object space 21504K, 53% used [0x0000000080c00000,0x0000000081749be8,0x0000000082100000)
Event: 104.284 GC heap after
Heap after GC invocations=6 (full 0):
 PSYoungGen      total 35840K, used 4767K [0x00000000d9080000, 0x00000000dbb80000, 0x0000000100000000)
  eden space 29696K, 0% used [0x00000000d9080000,0x00000000d9080000,0x00000000dad80000)
  from space 6144K, 77% used [0x00000000db580000,0x00000000dba27d18,0x00000000dbb80000)
  to   space 7168K, 0% used [0x00000000dad80000,0x00000000dad80000,0x00000000db480000)
 ParOldGen       total 79360K, used 3095K [0x000000008b200000, 0x000000008ff80000, 0x00000000d9080000)
  object space 79360K, 3% used [0x000000008b200000,0x000000008b505c78,0x000000008ff80000)
 PSPermGen       total 21504K, used 11558K [0x0000000080c00000, 0x0000000082100000, 0x000000008b200000)
  object space 21504K, 53% used [0x0000000080c00000,0x0000000081749be8,0x0000000082100000)
}
Event: 133.663 GC heap before
{Heap before GC invocations=7 (full 0):
 PSYoungGen      total 35840K, used 34374K [0x00000000d9080000, 0x00000000dbb80000, 0x0000000100000000)
  eden space 29696K, 99% used [0x00000000d9080000,0x00000000dad69de0,0x00000000dad80000)
  from space 6144K, 77% used [0x00000000db580000,0x00000000dba27d18,0x00000000dbb80000)
  to   space 7168K, 0% used [0x00000000dad80000,0x00000000dad80000,0x00000000db480000)
 ParOldGen       total 79360K, used 3095K [0x000000008b200000, 0x000000008ff80000, 0x00000000d9080000)
  object space 79360K, 3% used [0x000000008b200000,0x000000008b505c78,0x000000008ff80000)
 PSPermGen       total 21504K, used 11574K [0x0000000080c00000, 0x0000000082100000, 0x000000008b200000)
  object space 21504K, 53% used [0x0000000080c00000,0x000000008174d960,0x0000000082100000)
Event: 133.693 GC heap after
Heap after GC invocations=7 (full 0):
 PSYoungGen      total 36352K, used 1346K [0x00000000d9080000, 0x00000000dbc00000, 0x0000000100000000)
  eden space 29184K, 0% used [0x00000000d9080000,0x00000000d9080000,0x00000000dad00000)
  from space 7168K, 18% used [0x00000000dad80000,0x00000000daed0b38,0x00000000db480000)
  to   space 7680K, 0% used [0x00000000db480000,0x00000000db480000,0x00000000dbc00000)
 ParOldGen       total 79360K, used 6535K [0x000000008b200000, 0x000000008ff80000, 0x00000000d9080000)
  object space 79360K, 8% used [0x000000008b200000,0x000000008b861f18,0x000000008ff80000)
 PSPermGen       total 21504K, used 11574K [0x0000000080c00000, 0x0000000082100000, 0x000000008b200000)
  object space 21504K, 53% used [0x0000000080c00000,0x000000008174d960,0x0000000082100000)
}

