# JRE version: OpenJDK Runtime Environment (7.0_65-b32) (build 1.7.0_65-b32)
# Java VM: OpenJDK 64-Bit Server VM (24.65-b04 mixed mode linux-amd64 compressed oops)
Heap
 PSYoungGen      total 34816K, used 12256K [0x00000000d9080000, 0x00000000dd500000, 0x0000000100000000)
  eden space 30720K, 26% used [0x00000000d9080000,0x00000000d988e750,0x00000000dae80000)
  from space 4096K, 97% used [0x00000000dd100000,0x00000000dd4e9948,0x00000000dd500000)
  to   space 4608K, 0% used [0x00000000dcc00000,0x00000000dcc00000,0x00000000dd080000)
 ParOldGen       total 79360K, used 2774K [0x000000008b200000, 0x000000008ff80000, 0x00000000d9080000)
  object space 79360K, 3% used [0x000000008b200000,0x000000008b4b58c0,0x000000008ff80000)
 PSPermGen       total 21504K, used 11521K [0x0000000080c00000, 0x0000000082100000, 0x000000008b200000)
  object space 21504K, 53% used [0x0000000080c00000,0x0000000081740690,0x0000000082100000)
GC Heap History (4 events):
Event: 2.666 GC heap before
{Heap before GC invocations=1 (full 0):
 PSYoungGen      total 35328K, used 30720K [0x00000000d9080000, 0x00000000db780000, 0x0000000100000000)
  eden space 30720K, 100% used [0x00000000d9080000,0x00000000dae80000,0x00000000dae80000)
  from space 4608K, 0% used [0x00000000db300000,0x00000000db300000,0x00000000db780000)
  to   space 4608K, 0% used [0x00000000dae80000,0x00000000dae80000,0x00000000db300000)
 ParOldGen       total 79360K, used 0K [0x000000008b200000, 0x000000008ff80000, 0x00000000d9080000)
  object space 79360K, 0% used [0x000000008b200000,0x000000008b200000,0x000000008ff80000)
 PSPermGen       total 21504K, used 11253K [0x0000000080c00000, 0x0000000082100000, 0x000000008b200000)
  object space 21504K, 52% used [0x0000000080c00000,0x00000000816fd488,0x0000000082100000)
Event: 2.710 GC heap after
Heap after GC invocations=1 (full 0):
 PSYoungGen      total 35328K, used 4587K [0x00000000d9080000, 0x00000000dd580000, 0x0000000100000000)
  eden space 30720K, 0% used [0x00000000d9080000,0x00000000d9080000,0x00000000dae80000)
  from space 4608K, 99% used [0x00000000dae80000,0x00000000db2faee8,0x00000000db300000)
  to   space 4608K, 0% used [0x00000000dd100000,0x00000000dd100000,0x00000000dd580000)
 ParOldGen       total 79360K, used 2774K [0x000000008b200000, 0x000000008ff80000, 0x00000000d9080000)
  object space 79360K, 3% used [0x000000008b200000,0x000000008b4b58c0,0x000000008ff80000)
 PSPermGen       total 21504K, used 11253K [0x0000000080c00000, 0x0000000082100000, 0x000000008b200000)
  object space 21504K, 52% used [0x0000000080c00000,0x00000000816fd488,0x0000000082100000)
}
Event: 88.455 GC heap before
{Heap before GC invocations=2 (full 0):
 PSYoungGen      total 35328K, used 35307K [0x00000000d9080000, 0x00000000dd580000, 0x0000000100000000)
  eden space 30720K, 100% used [0x00000000d9080000,0x00000000dae80000,0x00000000dae80000)
  from space 4608K, 99% used [0x00000000dae80000,0x00000000db2faee8,0x00000000db300000)
  to   space 4608K, 0% used [0x00000000dd100000,0x00000000dd100000,0x00000000dd580000)
 ParOldGen       total 79360K, used 2774K [0x000000008b200000, 0x000000008ff80000, 0x00000000d9080000)
  object space 79360K, 3% used [0x000000008b200000,0x000000008b4b58c0,0x000000008ff80000)
 PSPermGen       total 21504K, used 11448K [0x0000000080c00000, 0x0000000082100000, 0x000000008b200000)
  object space 21504K, 53% used [0x0000000080c00000,0x000000008172e340,0x0000000082100000)
Event: 88.473 GC heap after
Heap after GC invocations=2 (full 0):
 PSYoungGen      total 34816K, used 4006K [0x00000000d9080000, 0x00000000dd500000, 0x0000000100000000)
  eden space 30720K, 0% used [0x00000000d9080000,0x00000000d9080000,0x00000000dae80000)
  from space 4096K, 97% used [0x00000000dd100000,0x00000000dd4e9948,0x00000000dd500000)
  to   space 4608K, 0% used [0x00000000dcc00000,0x00000000dcc00000,0x00000000dd080000)
 ParOldGen       total 79360K, used 2774K [0x000000008b200000, 0x000000008ff80000, 0x00000000d9080000)
  object space 79360K, 3% used [0x000000008b200000,0x000000008b4b58c0,0x000000008ff80000)
 PSPermGen       total 21504K, used 11448K [0x0000000080c00000, 0x0000000082100000, 0x000000008b200000)
  object space 21504K, 53% used [0x0000000080c00000,0x000000008172e340,0x0000000082100000)
}

